{"D:\\clase\\PIN\\chippy\\chippy-frontend\\config.js": {"path":"D:\\clase\\PIN\\chippy\\chippy-frontend\\config.js","statementMap":{"0":{"start":{"line":2,"column":20},"end":{"line":2,"column":43}}},"fnMap":{},"branchMap":{},"s":{"0":3},"f":{},"b":{},"_coverageSchema":"1a1c01bbd47fc00a2c39e90264f33305004495a9","hash":"f143294e9090964057bf677be74bad010266975f"}
,"D:\\clase\\PIN\\chippy\\chippy-frontend\\persistentData.js": {"path":"D:\\clase\\PIN\\chippy\\chippy-frontend\\persistentData.js","statementMap":{"0":{"start":{"line":3,"column":30},"end":{"line":9,"column":1}},"1":{"start":{"line":4,"column":4},"end":{"line":8,"column":5}},"2":{"start":{"line":5,"column":8},"end":{"line":5,"column":53}},"3":{"start":{"line":7,"column":8},"end":{"line":7,"column":75}},"4":{"start":{"line":12,"column":30},"end":{"line":20,"column":1}},"5":{"start":{"line":14,"column":4},"end":{"line":19,"column":5}},"6":{"start":{"line":15,"column":20},"end":{"line":15,"column":61}},"7":{"start":{"line":16,"column":8},"end":{"line":16,"column":19}},"8":{"start":{"line":18,"column":8},"end":{"line":18,"column":75}}},"fnMap":{"0":{"name":"(anonymous_0)","decl":{"start":{"line":3,"column":30},"end":{"line":3,"column":31}},"loc":{"start":{"line":3,"column":44},"end":{"line":9,"column":1}},"line":3},"1":{"name":"(anonymous_1)","decl":{"start":{"line":12,"column":30},"end":{"line":12,"column":31}},"loc":{"start":{"line":12,"column":42},"end":{"line":20,"column":1}},"line":12}},"branchMap":{},"s":{"0":2,"1":0,"2":0,"3":0,"4":2,"5":0,"6":0,"7":0,"8":0},"f":{"0":0,"1":0},"b":{},"_coverageSchema":"1a1c01bbd47fc00a2c39e90264f33305004495a9","hash":"b649a87a7b943c5fd3995ca714088ca1cb1eaf43"}
,"D:\\clase\\PIN\\chippy\\chippy-frontend\\assets\\logo.png": {"path":"D:\\clase\\PIN\\chippy\\chippy-frontend\\assets\\logo.png","statementMap":{"0":{"start":{"line":1,"column":0},"end":{"line":4,"column":6}}},"fnMap":{},"branchMap":{},"s":{"0":2},"f":{},"b":{},"_coverageSchema":"1a1c01bbd47fc00a2c39e90264f33305004495a9","hash":"54dfac0a236268ae890268b057698e90a992dfb3"}
,"D:\\clase\\PIN\\chippy\\chippy-frontend\\components\\Layout.js": {"path":"D:\\clase\\PIN\\chippy\\chippy-frontend\\components\\Layout.js","statementMap":{"0":{"start":{"line":4,"column":15},"end":{"line":11,"column":1}},"1":{"start":{"line":5,"column":2},"end":{"line":10,"column":4}},"2":{"start":{"line":12,"column":15},"end":{"line":19,"column":2}}},"fnMap":{"0":{"name":"(anonymous_0)","decl":{"start":{"line":4,"column":15},"end":{"line":4,"column":16}},"loc":{"start":{"line":4,"column":33},"end":{"line":11,"column":1}},"line":4}},"branchMap":{},"s":{"0":3,"1":14,"2":3},"f":{"0":14},"b":{},"_coverageSchema":"1a1c01bbd47fc00a2c39e90264f33305004495a9","hash":"4eeb08af8811ef8d228cf2f3c21eef35e8c4f51f"}
,"D:\\clase\\PIN\\chippy\\chippy-frontend\\components\\Logo.js": {"path":"D:\\clase\\PIN\\chippy\\chippy-frontend\\components\\Logo.js","statementMap":{"0":{"start":{"line":5,"column":2},"end":{"line":5,"column":78}},"1":{"start":{"line":8,"column":15},"end":{"line":16,"column":2}}},"fnMap":{"0":{"name":"Logo","decl":{"start":{"line":4,"column":24},"end":{"line":4,"column":28}},"loc":{"start":{"line":4,"column":31},"end":{"line":6,"column":1}},"line":4}},"branchMap":{},"s":{"0":10,"1":2},"f":{"0":10},"b":{},"_coverageSchema":"1a1c01bbd47fc00a2c39e90264f33305004495a9","hash":"068172b7f90ea29a0daca1a57224129095bbb65d"}
,"D:\\clase\\PIN\\chippy\\chippy-frontend\\db\\customersApi.js": {"path":"D:\\clase\\PIN\\chippy\\chippy-frontend\\db\\customersApi.js","statementMap":{"0":{"start":{"line":2,"column":12},"end":{"line":2,"column":50}},"1":{"start":{"line":5,"column":28},"end":{"line":8,"column":1}},"2":{"start":{"line":6,"column":14},"end":{"line":6,"column":30}},"3":{"start":{"line":7,"column":2},"end":{"line":7,"column":26}},"4":{"start":{"line":10,"column":27},"end":{"line":13,"column":1}},"5":{"start":{"line":11,"column":14},"end":{"line":11,"column":41}},"6":{"start":{"line":12,"column":4},"end":{"line":12,"column":28}},"7":{"start":{"line":14,"column":29},"end":{"line":28,"column":1}},"8":{"start":{"line":16,"column":14},"end":{"line":16,"column":68}},"9":{"start":{"line":18,"column":6},"end":{"line":22,"column":7}},"10":{"start":{"line":19,"column":8},"end":{"line":19,"column":33}},"11":{"start":{"line":21,"column":8},"end":{"line":21,"column":24}},"12":{"start":{"line":24,"column":24},"end":{"line":24,"column":49}},"13":{"start":{"line":25,"column":6},"end":{"line":25,"column":38}},"14":{"start":{"line":27,"column":6},"end":{"line":27,"column":18}},"15":{"start":{"line":29,"column":28},"end":{"line":39,"column":1}},"16":{"start":{"line":30,"column":14},"end":{"line":37,"column":4}},"17":{"start":{"line":38,"column":2},"end":{"line":38,"column":26}},"18":{"start":{"line":41,"column":30},"end":{"line":45,"column":1}},"19":{"start":{"line":42,"column":2},"end":{"line":44,"column":5}},"20":{"start":{"line":47,"column":30},"end":{"line":57,"column":1}},"21":{"start":{"line":48,"column":14},"end":{"line":55,"column":4}},"22":{"start":{"line":56,"column":2},"end":{"line":56,"column":13}}},"fnMap":{"0":{"name":"(anonymous_0)","decl":{"start":{"line":5,"column":28},"end":{"line":5,"column":29}},"loc":{"start":{"line":5,"column":40},"end":{"line":8,"column":1}},"line":5},"1":{"name":"(anonymous_1)","decl":{"start":{"line":10,"column":27},"end":{"line":10,"column":28}},"loc":{"start":{"line":10,"column":41},"end":{"line":13,"column":1}},"line":10},"2":{"name":"(anonymous_2)","decl":{"start":{"line":14,"column":29},"end":{"line":14,"column":30}},"loc":{"start":{"line":14,"column":56},"end":{"line":28,"column":1}},"line":14},"3":{"name":"(anonymous_3)","decl":{"start":{"line":29,"column":28},"end":{"line":29,"column":29}},"loc":{"start":{"line":29,"column":46},"end":{"line":39,"column":1}},"line":29},"4":{"name":"(anonymous_4)","decl":{"start":{"line":41,"column":30},"end":{"line":41,"column":31}},"loc":{"start":{"line":41,"column":44},"end":{"line":45,"column":1}},"line":41},"5":{"name":"(anonymous_5)","decl":{"start":{"line":47,"column":30},"end":{"line":47,"column":31}},"loc":{"start":{"line":47,"column":52},"end":{"line":57,"column":1}},"line":47}},"branchMap":{},"s":{"0":2,"1":2,"2":2,"3":0,"4":2,"5":0,"6":0,"7":2,"8":1,"9":0,"10":0,"11":0,"12":0,"13":0,"14":0,"15":2,"16":1,"17":0,"18":2,"19":0,"20":2,"21":0,"22":0},"f":{"0":2,"1":0,"2":1,"3":1,"4":0,"5":0},"b":{},"_coverageSchema":"1a1c01bbd47fc00a2c39e90264f33305004495a9","hash":"72d434c8a83157e69a2ab0680357ca01171b7671"}
,"D:\\clase\\PIN\\chippy\\chippy-frontend\\db\\petsApi.js": {"path":"D:\\clase\\PIN\\chippy\\chippy-frontend\\db\\petsApi.js","statementMap":{"0":{"start":{"line":2,"column":12},"end":{"line":2,"column":45}},"1":{"start":{"line":4,"column":23},"end":{"line":7,"column":1}},"2":{"start":{"line":5,"column":14},"end":{"line":5,"column":30}},"3":{"start":{"line":6,"column":2},"end":{"line":6,"column":26}},"4":{"start":{"line":9,"column":27},"end":{"line":12,"column":1}},"5":{"start":{"line":10,"column":14},"end":{"line":10,"column":51}},"6":{"start":{"line":11,"column":2},"end":{"line":11,"column":26}},"7":{"start":{"line":14,"column":22},"end":{"line":17,"column":1}},"8":{"start":{"line":15,"column":14},"end":{"line":15,"column":41}},"9":{"start":{"line":16,"column":2},"end":{"line":16,"column":26}},"10":{"start":{"line":19,"column":23},"end":{"line":29,"column":1}},"11":{"start":{"line":20,"column":14},"end":{"line":27,"column":4}},"12":{"start":{"line":28,"column":2},"end":{"line":28,"column":26}},"13":{"start":{"line":31,"column":25},"end":{"line":35,"column":1}},"14":{"start":{"line":32,"column":2},"end":{"line":34,"column":5}},"15":{"start":{"line":37,"column":25},"end":{"line":47,"column":1}},"16":{"start":{"line":38,"column":14},"end":{"line":45,"column":4}},"17":{"start":{"line":46,"column":2},"end":{"line":46,"column":13}}},"fnMap":{"0":{"name":"(anonymous_0)","decl":{"start":{"line":4,"column":23},"end":{"line":4,"column":24}},"loc":{"start":{"line":4,"column":35},"end":{"line":7,"column":1}},"line":4},"1":{"name":"(anonymous_1)","decl":{"start":{"line":9,"column":27},"end":{"line":9,"column":28}},"loc":{"start":{"line":9,"column":41},"end":{"line":12,"column":1}},"line":9},"2":{"name":"(anonymous_2)","decl":{"start":{"line":14,"column":22},"end":{"line":14,"column":23}},"loc":{"start":{"line":14,"column":36},"end":{"line":17,"column":1}},"line":14},"3":{"name":"(anonymous_3)","decl":{"start":{"line":19,"column":23},"end":{"line":19,"column":24}},"loc":{"start":{"line":19,"column":41},"end":{"line":29,"column":1}},"line":19},"4":{"name":"(anonymous_4)","decl":{"start":{"line":31,"column":25},"end":{"line":31,"column":26}},"loc":{"start":{"line":31,"column":39},"end":{"line":35,"column":1}},"line":31},"5":{"name":"(anonymous_5)","decl":{"start":{"line":37,"column":25},"end":{"line":37,"column":26}},"loc":{"start":{"line":37,"column":47},"end":{"line":47,"column":1}},"line":37}},"branchMap":{},"s":{"0":1,"1":1,"2":0,"3":0,"4":1,"5":0,"6":0,"7":1,"8":0,"9":0,"10":1,"11":0,"12":0,"13":1,"14":0,"15":1,"16":0,"17":0},"f":{"0":0,"1":0,"2":0,"3":0,"4":0,"5":0},"b":{},"_coverageSchema":"1a1c01bbd47fc00a2c39e90264f33305004495a9","hash":"5cfd14d31da8bab7500215d60577c5fc2b448c36"}
,"D:\\clase\\PIN\\chippy\\chippy-frontend\\helpers\\emailValidator.js": {"path":"D:\\clase\\PIN\\chippy\\chippy-frontend\\helpers\\emailValidator.js","statementMap":{"0":{"start":{"line":2,"column":13},"end":{"line":2,"column":27}},"1":{"start":{"line":3,"column":2},"end":{"line":3,"column":53}},"2":{"start":{"line":3,"column":14},"end":{"line":3,"column":53}},"3":{"start":{"line":4,"column":2},"end":{"line":4,"column":64}},"4":{"start":{"line":4,"column":23},"end":{"line":4,"column":64}},"5":{"start":{"line":5,"column":2},"end":{"line":5,"column":11}}},"fnMap":{"0":{"name":"emailValidator","decl":{"start":{"line":1,"column":16},"end":{"line":1,"column":30}},"loc":{"start":{"line":1,"column":38},"end":{"line":6,"column":1}},"line":1}},"branchMap":{"0":{"loc":{"start":{"line":3,"column":2},"end":{"line":3,"column":53}},"type":"if","locations":[{"start":{"line":3,"column":2},"end":{"line":3,"column":53}},{"start":{},"end":{}}],"line":3},"1":{"loc":{"start":{"line":4,"column":2},"end":{"line":4,"column":64}},"type":"if","locations":[{"start":{"line":4,"column":2},"end":{"line":4,"column":64}},{"start":{},"end":{}}],"line":4}},"s":{"0":1,"1":1,"2":0,"3":1,"4":0,"5":1},"f":{"0":1},"b":{"0":[0,1],"1":[0,1]},"_coverageSchema":"1a1c01bbd47fc00a2c39e90264f33305004495a9","hash":"dec35441298ad46a198998edb1aa7674187449d5"}
,"D:\\clase\\PIN\\chippy\\chippy-frontend\\helpers\\nameValidator.js": {"path":"D:\\clase\\PIN\\chippy\\chippy-frontend\\helpers\\nameValidator.js","statementMap":{"0":{"start":{"line":2,"column":2},"end":{"line":2,"column":47}},"1":{"start":{"line":2,"column":13},"end":{"line":2,"column":47}},"2":{"start":{"line":3,"column":2},"end":{"line":3,"column":11}}},"fnMap":{"0":{"name":"nameValidator","decl":{"start":{"line":1,"column":16},"end":{"line":1,"column":29}},"loc":{"start":{"line":1,"column":36},"end":{"line":4,"column":1}},"line":1}},"branchMap":{"0":{"loc":{"start":{"line":2,"column":2},"end":{"line":2,"column":47}},"type":"if","locations":[{"start":{"line":2,"column":2},"end":{"line":2,"column":47}},{"start":{},"end":{}}],"line":2}},"s":{"0":1,"1":0,"2":1},"f":{"0":1},"b":{"0":[0,1]},"_coverageSchema":"1a1c01bbd47fc00a2c39e90264f33305004495a9","hash":"660df225c0ab4f8fdcb4612ca410c9402d454863"}
,"D:\\clase\\PIN\\chippy\\chippy-frontend\\helpers\\passwordValidator.js": {"path":"D:\\clase\\PIN\\chippy\\chippy-frontend\\helpers\\passwordValidator.js","statementMap":{"0":{"start":{"line":2,"column":2},"end":{"line":2,"column":61}},"1":{"start":{"line":2,"column":17},"end":{"line":2,"column":61}},"2":{"start":{"line":3,"column":2},"end":{"line":3,"column":81}},"3":{"start":{"line":3,"column":27},"end":{"line":3,"column":81}},"4":{"start":{"line":4,"column":2},"end":{"line":4,"column":11}}},"fnMap":{"0":{"name":"passwordValidator","decl":{"start":{"line":1,"column":16},"end":{"line":1,"column":33}},"loc":{"start":{"line":1,"column":44},"end":{"line":5,"column":1}},"line":1}},"branchMap":{"0":{"loc":{"start":{"line":2,"column":2},"end":{"line":2,"column":61}},"type":"if","locations":[{"start":{"line":2,"column":2},"end":{"line":2,"column":61}},{"start":{},"end":{}}],"line":2},"1":{"loc":{"start":{"line":3,"column":2},"end":{"line":3,"column":81}},"type":"if","locations":[{"start":{"line":3,"column":2},"end":{"line":3,"column":81}},{"start":{},"end":{}}],"line":3}},"s":{"0":1,"1":0,"2":1,"3":0,"4":1},"f":{"0":1},"b":{"0":[0,1],"1":[0,1]},"_coverageSchema":"1a1c01bbd47fc00a2c39e90264f33305004495a9","hash":"5bff7ecb1676853b56c29db9be21f05a2b1c4d53"}
,"D:\\clase\\PIN\\chippy\\chippy-frontend\\screens\\EditPet.js": {"path":"D:\\clase\\PIN\\chippy\\chippy-frontend\\screens\\EditPet.js","statementMap":{"0":{"start":{"line":10,"column":16},"end":{"line":92,"column":1}},"1":{"start":{"line":11,"column":34},"end":{"line":11,"column":68}},"2":{"start":{"line":12,"column":34},"end":{"line":12,"column":71}},"3":{"start":{"line":13,"column":34},"end":{"line":13,"column":68}},"4":{"start":{"line":14,"column":48},"end":{"line":14,"column":82}},"5":{"start":{"line":15,"column":36},"end":{"line":15,"column":70}},"6":{"start":{"line":17,"column":27},"end":{"line":20,"column":7}},"7":{"start":{"line":23,"column":25},"end":{"line":30,"column":7}},"8":{"start":{"line":24,"column":8},"end":{"line":29,"column":9}},"9":{"start":{"line":25,"column":10},"end":{"line":25,"column":34}},"10":{"start":{"line":26,"column":10},"end":{"line":26,"column":47}},"11":{"start":{"line":28,"column":10},"end":{"line":28,"column":29}},"12":{"start":{"line":33,"column":27},"end":{"line":51,"column":7}},"13":{"start":{"line":34,"column":29},"end":{"line":34,"column":57}},"14":{"start":{"line":35,"column":36},"end":{"line":35,"column":69}},"15":{"start":{"line":36,"column":8},"end":{"line":40,"column":9}},"16":{"start":{"line":37,"column":10},"end":{"line":37,"column":57}},"17":{"start":{"line":38,"column":10},"end":{"line":38,"column":69}},"18":{"start":{"line":39,"column":10},"end":{"line":39,"column":16}},"19":{"start":{"line":42,"column":23},"end":{"line":48,"column":7}},"20":{"start":{"line":49,"column":8},"end":{"line":49,"column":28}},"21":{"start":{"line":50,"column":8},"end":{"line":50,"column":44}},"22":{"start":{"line":53,"column":0},"end":{"line":91,"column":3}},"23":{"start":{"line":65,"column":32},"end":{"line":65,"column":70}},"24":{"start":{"line":78,"column":32},"end":{"line":78,"column":77}},"25":{"start":{"line":94,"column":15},"end":{"line":140,"column":2}}},"fnMap":{"0":{"name":"(anonymous_0)","decl":{"start":{"line":10,"column":16},"end":{"line":10,"column":17}},"loc":{"start":{"line":10,"column":41},"end":{"line":92,"column":1}},"line":10},"1":{"name":"(anonymous_1)","decl":{"start":{"line":23,"column":25},"end":{"line":23,"column":26}},"loc":{"start":{"line":23,"column":43},"end":{"line":30,"column":7}},"line":23},"2":{"name":"(anonymous_2)","decl":{"start":{"line":33,"column":27},"end":{"line":33,"column":28}},"loc":{"start":{"line":33,"column":33},"end":{"line":51,"column":7}},"line":33},"3":{"name":"(anonymous_3)","decl":{"start":{"line":65,"column":22},"end":{"line":65,"column":23}},"loc":{"start":{"line":65,"column":32},"end":{"line":65,"column":70}},"line":65},"4":{"name":"(anonymous_4)","decl":{"start":{"line":78,"column":22},"end":{"line":78,"column":23}},"loc":{"start":{"line":78,"column":32},"end":{"line":78,"column":77}},"line":78}},"branchMap":{"0":{"loc":{"start":{"line":36,"column":8},"end":{"line":40,"column":9}},"type":"if","locations":[{"start":{"line":36,"column":8},"end":{"line":40,"column":9}},{"start":{},"end":{}}],"line":36},"1":{"loc":{"start":{"line":36,"column":12},"end":{"line":36,"column":47}},"type":"binary-expr","locations":[{"start":{"line":36,"column":12},"end":{"line":36,"column":24}},{"start":{"line":36,"column":28},"end":{"line":36,"column":47}}],"line":36},"2":{"loc":{"start":{"line":69,"column":7},"end":{"line":69,"column":80}},"type":"cond-expr","locations":[{"start":{"line":69,"column":23},"end":{"line":69,"column":73}},{"start":{"line":69,"column":76},"end":{"line":69,"column":80}}],"line":69},"3":{"loc":{"start":{"line":83,"column":7},"end":{"line":83,"column":94}},"type":"cond-expr","locations":[{"start":{"line":83,"column":30},"end":{"line":83,"column":87}},{"start":{"line":83,"column":90},"end":{"line":83,"column":94}}],"line":83}},"s":{"0":1,"1":4,"2":4,"3":4,"4":4,"5":4,"6":4,"7":4,"8":0,"9":0,"10":0,"11":0,"12":4,"13":0,"14":0,"15":0,"16":0,"17":0,"18":0,"19":0,"20":0,"21":0,"22":4,"23":1,"24":1,"25":1},"f":{"0":4,"1":0,"2":0,"3":1,"4":1},"b":{"0":[0,0],"1":[0,0],"2":[0,4],"3":[0,4]},"_coverageSchema":"1a1c01bbd47fc00a2c39e90264f33305004495a9","hash":"b98b869915e4d3143eb7f8ebf14af11069440463"}
,"D:\\clase\\PIN\\chippy\\chippy-frontend\\screens\\LoginScreen.js": {"path":"D:\\clase\\PIN\\chippy\\chippy-frontend\\screens\\LoginScreen.js","statementMap":{"0":{"start":{"line":15,"column":36},"end":{"line":15,"column":48}},"1":{"start":{"line":17,"column":46},"end":{"line":17,"column":58}},"2":{"start":{"line":19,"column":24},"end":{"line":23,"column":3}},"3":{"start":{"line":21,"column":17},"end":{"line":21,"column":37}},"4":{"start":{"line":22,"column":4},"end":{"line":22,"column":22}},"5":{"start":{"line":25,"column":29},"end":{"line":35,"column":3}},"6":{"start":{"line":28,"column":17},"end":{"line":28,"column":53}},"7":{"start":{"line":30,"column":4},"end":{"line":34,"column":5}},"8":{"start":{"line":31,"column":6},"end":{"line":31,"column":41}},"9":{"start":{"line":33,"column":6},"end":{"line":33,"column":48}},"10":{"start":{"line":39,"column":2},"end":{"line":41,"column":8}},"11":{"start":{"line":40,"column":4},"end":{"line":40,"column":19}},"12":{"start":{"line":43,"column":28},"end":{"line":43,"column":62}},"13":{"start":{"line":44,"column":34},"end":{"line":44,"column":68}},"14":{"start":{"line":47,"column":25},"end":{"line":73,"column":3}},"15":{"start":{"line":48,"column":23},"end":{"line":48,"column":50}},"16":{"start":{"line":49,"column":26},"end":{"line":49,"column":59}},"17":{"start":{"line":50,"column":4},"end":{"line":57,"column":5}},"18":{"start":{"line":51,"column":6},"end":{"line":51,"column":29}},"19":{"start":{"line":52,"column":6},"end":{"line":52,"column":32}},"20":{"start":{"line":54,"column":6},"end":{"line":54,"column":47}},"21":{"start":{"line":55,"column":6},"end":{"line":55,"column":56}},"22":{"start":{"line":56,"column":6},"end":{"line":56,"column":12}},"23":{"start":{"line":59,"column":4},"end":{"line":70,"column":6}},"24":{"start":{"line":60,"column":6},"end":{"line":68,"column":7}},"25":{"start":{"line":61,"column":8},"end":{"line":63,"column":10}},"26":{"start":{"line":65,"column":8},"end":{"line":65,"column":41}},"27":{"start":{"line":66,"column":8},"end":{"line":66,"column":65}},"28":{"start":{"line":67,"column":8},"end":{"line":67,"column":14}},"29":{"start":{"line":74,"column":2},"end":{"line":149,"column":3}},"30":{"start":{"line":90,"column":32},"end":{"line":90,"column":68}},"31":{"start":{"line":113,"column":32},"end":{"line":113,"column":71}},"32":{"start":{"line":127,"column":68},"end":{"line":127,"column":103}},"33":{"start":{"line":133,"column":39},"end":{"line":133,"column":76}},"34":{"start":{"line":152,"column":15},"end":{"line":208,"column":2}}},"fnMap":{"0":{"name":"LoginScreen","decl":{"start":{"line":12,"column":24},"end":{"line":12,"column":35}},"loc":{"start":{"line":12,"column":52},"end":{"line":150,"column":1}},"line":12},"1":{"name":"(anonymous_1)","decl":{"start":{"line":19,"column":24},"end":{"line":19,"column":25}},"loc":{"start":{"line":19,"column":35},"end":{"line":23,"column":3}},"line":19},"2":{"name":"(anonymous_2)","decl":{"start":{"line":25,"column":29},"end":{"line":25,"column":30}},"loc":{"start":{"line":25,"column":55},"end":{"line":35,"column":3}},"line":25},"3":{"name":"(anonymous_3)","decl":{"start":{"line":39,"column":12},"end":{"line":39,"column":13}},"loc":{"start":{"line":39,"column":17},"end":{"line":41,"column":3}},"line":39},"4":{"name":"(anonymous_4)","decl":{"start":{"line":47,"column":25},"end":{"line":47,"column":26}},"loc":{"start":{"line":47,"column":31},"end":{"line":73,"column":3}},"line":47},"5":{"name":"(anonymous_5)","decl":{"start":{"line":59,"column":18},"end":{"line":59,"column":19}},"loc":{"start":{"line":59,"column":30},"end":{"line":70,"column":5}},"line":59},"6":{"name":"(anonymous_6)","decl":{"start":{"line":90,"column":22},"end":{"line":90,"column":23}},"loc":{"start":{"line":90,"column":32},"end":{"line":90,"column":68}},"line":90},"7":{"name":"(anonymous_7)","decl":{"start":{"line":113,"column":22},"end":{"line":113,"column":23}},"loc":{"start":{"line":113,"column":32},"end":{"line":113,"column":71}},"line":113},"8":{"name":"(anonymous_8)","decl":{"start":{"line":127,"column":62},"end":{"line":127,"column":63}},"loc":{"start":{"line":127,"column":68},"end":{"line":127,"column":103}},"line":127},"9":{"name":"(anonymous_9)","decl":{"start":{"line":133,"column":33},"end":{"line":133,"column":34}},"loc":{"start":{"line":133,"column":39},"end":{"line":133,"column":76}},"line":133}},"branchMap":{"0":{"loc":{"start":{"line":30,"column":4},"end":{"line":34,"column":5}},"type":"if","locations":[{"start":{"line":30,"column":4},"end":{"line":34,"column":5}},{"start":{"line":32,"column":9},"end":{"line":34,"column":5}}],"line":30},"1":{"loc":{"start":{"line":50,"column":4},"end":{"line":57,"column":5}},"type":"if","locations":[{"start":{"line":50,"column":4},"end":{"line":57,"column":5}},{"start":{},"end":{}}],"line":50},"2":{"loc":{"start":{"line":50,"column":8},"end":{"line":50,"column":35}},"type":"binary-expr","locations":[{"start":{"line":50,"column":8},"end":{"line":50,"column":18}},{"start":{"line":50,"column":22},"end":{"line":50,"column":35}}],"line":50},"3":{"loc":{"start":{"line":60,"column":6},"end":{"line":68,"column":7}},"type":"if","locations":[{"start":{"line":60,"column":6},"end":{"line":68,"column":7}},{"start":{"line":64,"column":11},"end":{"line":68,"column":7}}],"line":60},"4":{"loc":{"start":{"line":60,"column":9},"end":{"line":60,"column":75}},"type":"binary-expr","locations":[{"start":{"line":60,"column":9},"end":{"line":60,"column":37}},{"start":{"line":60,"column":41},"end":{"line":60,"column":75}}],"line":60},"5":{"loc":{"start":{"line":103,"column":7},"end":{"line":103,"column":76}},"type":"cond-expr","locations":[{"start":{"line":103,"column":21},"end":{"line":103,"column":69}},{"start":{"line":103,"column":72},"end":{"line":103,"column":76}}],"line":103},"6":{"loc":{"start":{"line":118,"column":7},"end":{"line":118,"column":82}},"type":"cond-expr","locations":[{"start":{"line":118,"column":24},"end":{"line":118,"column":75}},{"start":{"line":118,"column":78},"end":{"line":118,"column":82}}],"line":118}},"s":{"0":4,"1":4,"2":4,"3":2,"4":0,"5":4,"6":1,"7":0,"8":0,"9":0,"10":4,"11":2,"12":4,"13":4,"14":4,"15":0,"16":0,"17":0,"18":0,"19":0,"20":0,"21":0,"22":0,"23":0,"24":0,"25":0,"26":0,"27":0,"28":0,"29":4,"30":1,"31":1,"32":1,"33":0,"34":1},"f":{"0":4,"1":2,"2":1,"3":2,"4":0,"5":0,"6":1,"7":1,"8":1,"9":0},"b":{"0":[0,0],"1":[0,0],"2":[0,0],"3":[0,0],"4":[0,0],"5":[0,4],"6":[0,4]},"_coverageSchema":"1a1c01bbd47fc00a2c39e90264f33305004495a9","hash":"94f187ed1be5f23e36326c9ab6a241f300eb0e77"}
,"D:\\clase\\PIN\\chippy\\chippy-frontend\\screens\\RegisterScreen.js": {"path":"D:\\clase\\PIN\\chippy\\chippy-frontend\\screens\\RegisterScreen.js","statementMap":{"0":{"start":{"line":13,"column":26},"end":{"line":13,"column":60}},"1":{"start":{"line":14,"column":28},"end":{"line":14,"column":62}},"2":{"start":{"line":15,"column":34},"end":{"line":15,"column":68}},"3":{"start":{"line":19,"column":23},"end":{"line":26,"column":3}},"4":{"start":{"line":20,"column":4},"end":{"line":25,"column":5}},"5":{"start":{"line":21,"column":6},"end":{"line":21,"column":35}},"6":{"start":{"line":22,"column":6},"end":{"line":22,"column":39}},"7":{"start":{"line":24,"column":6},"end":{"line":24,"column":25}},"8":{"start":{"line":29,"column":26},"end":{"line":56,"column":3}},"9":{"start":{"line":30,"column":22},"end":{"line":30,"column":47}},"10":{"start":{"line":31,"column":23},"end":{"line":31,"column":50}},"11":{"start":{"line":32,"column":26},"end":{"line":32,"column":59}},"12":{"start":{"line":33,"column":4},"end":{"line":38,"column":5}},"13":{"start":{"line":34,"column":6},"end":{"line":34,"column":44}},"14":{"start":{"line":35,"column":6},"end":{"line":35,"column":47}},"15":{"start":{"line":36,"column":6},"end":{"line":36,"column":56}},"16":{"start":{"line":37,"column":6},"end":{"line":37,"column":12}},"17":{"start":{"line":40,"column":19},"end":{"line":52,"column":3}},"18":{"start":{"line":54,"column":4},"end":{"line":54,"column":24}},"19":{"start":{"line":58,"column":2},"end":{"line":114,"column":3}},"20":{"start":{"line":71,"column":32},"end":{"line":71,"column":67}},"21":{"start":{"line":84,"column":32},"end":{"line":84,"column":68}},"22":{"start":{"line":101,"column":32},"end":{"line":101,"column":71}},"23":{"start":{"line":117,"column":15},"end":{"line":166,"column":2}}},"fnMap":{"0":{"name":"RegisterScreen","decl":{"start":{"line":11,"column":24},"end":{"line":11,"column":38}},"loc":{"start":{"line":11,"column":61},"end":{"line":115,"column":1}},"line":11},"1":{"name":"(anonymous_1)","decl":{"start":{"line":19,"column":23},"end":{"line":19,"column":24}},"loc":{"start":{"line":19,"column":43},"end":{"line":26,"column":3}},"line":19},"2":{"name":"(anonymous_2)","decl":{"start":{"line":29,"column":26},"end":{"line":29,"column":27}},"loc":{"start":{"line":29,"column":32},"end":{"line":56,"column":3}},"line":29},"3":{"name":"(anonymous_3)","decl":{"start":{"line":71,"column":22},"end":{"line":71,"column":23}},"loc":{"start":{"line":71,"column":32},"end":{"line":71,"column":67}},"line":71},"4":{"name":"(anonymous_4)","decl":{"start":{"line":84,"column":22},"end":{"line":84,"column":23}},"loc":{"start":{"line":84,"column":32},"end":{"line":84,"column":68}},"line":84},"5":{"name":"(anonymous_5)","decl":{"start":{"line":101,"column":22},"end":{"line":101,"column":23}},"loc":{"start":{"line":101,"column":32},"end":{"line":101,"column":71}},"line":101}},"branchMap":{"0":{"loc":{"start":{"line":33,"column":4},"end":{"line":38,"column":5}},"type":"if","locations":[{"start":{"line":33,"column":4},"end":{"line":38,"column":5}},{"start":{},"end":{}}],"line":33},"1":{"loc":{"start":{"line":33,"column":8},"end":{"line":33,"column":48}},"type":"binary-expr","locations":[{"start":{"line":33,"column":8},"end":{"line":33,"column":18}},{"start":{"line":33,"column":22},"end":{"line":33,"column":35}},{"start":{"line":33,"column":39},"end":{"line":33,"column":48}}],"line":33},"2":{"loc":{"start":{"line":75,"column":7},"end":{"line":75,"column":74}},"type":"cond-expr","locations":[{"start":{"line":75,"column":20},"end":{"line":75,"column":67}},{"start":{"line":75,"column":70},"end":{"line":75,"column":74}}],"line":75},"3":{"loc":{"start":{"line":92,"column":7},"end":{"line":92,"column":76}},"type":"cond-expr","locations":[{"start":{"line":92,"column":21},"end":{"line":92,"column":69}},{"start":{"line":92,"column":72},"end":{"line":92,"column":76}}],"line":92},"4":{"loc":{"start":{"line":106,"column":7},"end":{"line":106,"column":82}},"type":"cond-expr","locations":[{"start":{"line":106,"column":24},"end":{"line":106,"column":75}},{"start":{"line":106,"column":78},"end":{"line":106,"column":82}}],"line":106}},"s":{"0":5,"1":5,"2":5,"3":5,"4":1,"5":1,"6":0,"7":0,"8":5,"9":1,"10":1,"11":1,"12":1,"13":0,"14":0,"15":0,"16":0,"17":1,"18":1,"19":5,"20":1,"21":1,"22":1,"23":1},"f":{"0":5,"1":1,"2":1,"3":1,"4":1,"5":1},"b":{"0":[0,1],"1":[1,1,1],"2":[0,5],"3":[0,5],"4":[0,5]},"_coverageSchema":"1a1c01bbd47fc00a2c39e90264f33305004495a9","hash":"52e24e3e800ce58a8128830e466e41bf1d1bb649"}
,"D:\\clase\\PIN\\chippy\\chippy-frontend\\screens\\StartScreen.js": {"path":"D:\\clase\\PIN\\chippy\\chippy-frontend\\screens\\StartScreen.js","statementMap":{"0":{"start":{"line":7,"column":2},"end":{"line":20,"column":3}},"1":{"start":{"line":11,"column":68},"end":{"line":11,"column":102}},"2":{"start":{"line":14,"column":67},"end":{"line":14,"column":104}},"3":{"start":{"line":23,"column":15},"end":{"line":56,"column":2}}},"fnMap":{"0":{"name":"StartScreen","decl":{"start":{"line":6,"column":24},"end":{"line":6,"column":35}},"loc":{"start":{"line":6,"column":52},"end":{"line":21,"column":1}},"line":6},"1":{"name":"(anonymous_1)","decl":{"start":{"line":11,"column":62},"end":{"line":11,"column":63}},"loc":{"start":{"line":11,"column":68},"end":{"line":11,"column":102}},"line":11},"2":{"name":"(anonymous_2)","decl":{"start":{"line":14,"column":61},"end":{"line":14,"column":62}},"loc":{"start":{"line":14,"column":67},"end":{"line":14,"column":104}},"line":14}},"branchMap":{},"s":{"0":1,"1":0,"2":0,"3":2},"f":{"0":1,"1":0,"2":0},"b":{},"_coverageSchema":"1a1c01bbd47fc00a2c39e90264f33305004495a9","hash":"bfbbc7b0557f93b30ff715c587297fa11c84c2d1"}
}
