{"C:\\Users\\Albert\\OneDrive\\Escritorio\\ChippyTest2\\chippy-frontend\\config.js": {"path":"C:\\Users\\Albert\\OneDrive\\Escritorio\\ChippyTest2\\chippy-frontend\\config.js","statementMap":{"0":{"start":{"line":2,"column":20},"end":{"line":2,"column":43}}},"fnMap":{},"branchMap":{},"s":{"0":1},"f":{},"b":{},"_coverageSchema":"1a1c01bbd47fc00a2c39e90264f33305004495a9","hash":"4b14821d2d8b44cf29bbe9c5c5b9e5fbec40eae0"}
,"C:\\Users\\Albert\\OneDrive\\Escritorio\\ChippyTest2\\chippy-frontend\\persistentData.js": {"path":"C:\\Users\\Albert\\OneDrive\\Escritorio\\ChippyTest2\\chippy-frontend\\persistentData.js","statementMap":{"0":{"start":{"line":3,"column":30},"end":{"line":9,"column":1}},"1":{"start":{"line":4,"column":4},"end":{"line":8,"column":5}},"2":{"start":{"line":5,"column":8},"end":{"line":5,"column":53}},"3":{"start":{"line":7,"column":8},"end":{"line":7,"column":75}},"4":{"start":{"line":12,"column":30},"end":{"line":20,"column":1}},"5":{"start":{"line":14,"column":4},"end":{"line":19,"column":5}},"6":{"start":{"line":15,"column":20},"end":{"line":15,"column":61}},"7":{"start":{"line":16,"column":8},"end":{"line":16,"column":19}},"8":{"start":{"line":18,"column":8},"end":{"line":18,"column":75}}},"fnMap":{"0":{"name":"(anonymous_0)","decl":{"start":{"line":3,"column":30},"end":{"line":3,"column":31}},"loc":{"start":{"line":3,"column":44},"end":{"line":9,"column":1}},"line":3},"1":{"name":"(anonymous_1)","decl":{"start":{"line":12,"column":30},"end":{"line":12,"column":31}},"loc":{"start":{"line":12,"column":42},"end":{"line":20,"column":1}},"line":12}},"branchMap":{},"s":{"0":1,"1":0,"2":0,"3":0,"4":1,"5":0,"6":0,"7":0,"8":0},"f":{"0":0,"1":0},"b":{},"_coverageSchema":"1a1c01bbd47fc00a2c39e90264f33305004495a9","hash":"c0dafe53fceec70ca2a6c0b88f0d92f7fbd19689"}
,"C:\\Users\\Albert\\OneDrive\\Escritorio\\ChippyTest2\\chippy-frontend\\assets\\logo.png": {"path":"C:\\Users\\Albert\\OneDrive\\Escritorio\\ChippyTest2\\chippy-frontend\\assets\\logo.png","statementMap":{"0":{"start":{"line":1,"column":0},"end":{"line":4,"column":6}}},"fnMap":{},"branchMap":{},"s":{"0":1},"f":{},"b":{},"_coverageSchema":"1a1c01bbd47fc00a2c39e90264f33305004495a9","hash":"daed745efafbfea33b09f9b0e6703ab7867a567f"}
,"C:\\Users\\Albert\\OneDrive\\Escritorio\\ChippyTest2\\chippy-frontend\\components\\Layout.js": {"path":"C:\\Users\\Albert\\OneDrive\\Escritorio\\ChippyTest2\\chippy-frontend\\components\\Layout.js","statementMap":{"0":{"start":{"line":4,"column":15},"end":{"line":11,"column":1}},"1":{"start":{"line":5,"column":2},"end":{"line":10,"column":4}},"2":{"start":{"line":12,"column":15},"end":{"line":19,"column":2}}},"fnMap":{"0":{"name":"(anonymous_0)","decl":{"start":{"line":4,"column":15},"end":{"line":4,"column":16}},"loc":{"start":{"line":4,"column":33},"end":{"line":11,"column":1}},"line":4}},"branchMap":{},"s":{"0":1,"1":5,"2":1},"f":{"0":5},"b":{},"_coverageSchema":"1a1c01bbd47fc00a2c39e90264f33305004495a9","hash":"7b6da83cfb56a73b4fd61246c27cf10cf9b18ced"}
,"C:\\Users\\Albert\\OneDrive\\Escritorio\\ChippyTest2\\chippy-frontend\\components\\Logo.js": {"path":"C:\\Users\\Albert\\OneDrive\\Escritorio\\ChippyTest2\\chippy-frontend\\components\\Logo.js","statementMap":{"0":{"start":{"line":5,"column":2},"end":{"line":5,"column":78}},"1":{"start":{"line":8,"column":15},"end":{"line":16,"column":2}}},"fnMap":{"0":{"name":"Logo","decl":{"start":{"line":4,"column":24},"end":{"line":4,"column":28}},"loc":{"start":{"line":4,"column":31},"end":{"line":6,"column":1}},"line":4}},"branchMap":{},"s":{"0":5,"1":1},"f":{"0":5},"b":{},"_coverageSchema":"1a1c01bbd47fc00a2c39e90264f33305004495a9","hash":"843448893596cacc6a0c0eb13f2e59a941b62512"}
,"C:\\Users\\Albert\\OneDrive\\Escritorio\\ChippyTest2\\chippy-frontend\\db\\customersApi.js": {"path":"C:\\Users\\Albert\\OneDrive\\Escritorio\\ChippyTest2\\chippy-frontend\\db\\customersApi.js","statementMap":{"0":{"start":{"line":2,"column":12},"end":{"line":2,"column":50}},"1":{"start":{"line":5,"column":28},"end":{"line":8,"column":1}},"2":{"start":{"line":6,"column":14},"end":{"line":6,"column":30}},"3":{"start":{"line":7,"column":2},"end":{"line":7,"column":26}},"4":{"start":{"line":10,"column":27},"end":{"line":13,"column":1}},"5":{"start":{"line":11,"column":14},"end":{"line":11,"column":41}},"6":{"start":{"line":12,"column":4},"end":{"line":12,"column":28}},"7":{"start":{"line":14,"column":29},"end":{"line":28,"column":1}},"8":{"start":{"line":16,"column":14},"end":{"line":16,"column":68}},"9":{"start":{"line":18,"column":6},"end":{"line":22,"column":7}},"10":{"start":{"line":19,"column":8},"end":{"line":19,"column":33}},"11":{"start":{"line":21,"column":8},"end":{"line":21,"column":24}},"12":{"start":{"line":24,"column":24},"end":{"line":24,"column":49}},"13":{"start":{"line":25,"column":6},"end":{"line":25,"column":38}},"14":{"start":{"line":27,"column":6},"end":{"line":27,"column":18}},"15":{"start":{"line":29,"column":28},"end":{"line":39,"column":1}},"16":{"start":{"line":30,"column":14},"end":{"line":37,"column":4}},"17":{"start":{"line":38,"column":2},"end":{"line":38,"column":26}},"18":{"start":{"line":41,"column":30},"end":{"line":45,"column":1}},"19":{"start":{"line":42,"column":2},"end":{"line":44,"column":5}},"20":{"start":{"line":47,"column":30},"end":{"line":57,"column":1}},"21":{"start":{"line":48,"column":14},"end":{"line":55,"column":4}},"22":{"start":{"line":56,"column":2},"end":{"line":56,"column":13}}},"fnMap":{"0":{"name":"(anonymous_0)","decl":{"start":{"line":5,"column":28},"end":{"line":5,"column":29}},"loc":{"start":{"line":5,"column":40},"end":{"line":8,"column":1}},"line":5},"1":{"name":"(anonymous_1)","decl":{"start":{"line":10,"column":27},"end":{"line":10,"column":28}},"loc":{"start":{"line":10,"column":41},"end":{"line":13,"column":1}},"line":10},"2":{"name":"(anonymous_2)","decl":{"start":{"line":14,"column":29},"end":{"line":14,"column":30}},"loc":{"start":{"line":14,"column":56},"end":{"line":28,"column":1}},"line":14},"3":{"name":"(anonymous_3)","decl":{"start":{"line":29,"column":28},"end":{"line":29,"column":29}},"loc":{"start":{"line":29,"column":46},"end":{"line":39,"column":1}},"line":29},"4":{"name":"(anonymous_4)","decl":{"start":{"line":41,"column":30},"end":{"line":41,"column":31}},"loc":{"start":{"line":41,"column":44},"end":{"line":45,"column":1}},"line":41},"5":{"name":"(anonymous_5)","decl":{"start":{"line":47,"column":30},"end":{"line":47,"column":31}},"loc":{"start":{"line":47,"column":52},"end":{"line":57,"column":1}},"line":47}},"branchMap":{},"s":{"0":1,"1":1,"2":2,"3":0,"4":1,"5":0,"6":0,"7":1,"8":1,"9":0,"10":0,"11":0,"12":0,"13":0,"14":0,"15":1,"16":0,"17":0,"18":1,"19":0,"20":1,"21":0,"22":0},"f":{"0":2,"1":0,"2":1,"3":0,"4":0,"5":0},"b":{},"_coverageSchema":"1a1c01bbd47fc00a2c39e90264f33305004495a9","hash":"a5a344933c64c94ac7d778044519e9754c1d81eb"}
,"C:\\Users\\Albert\\OneDrive\\Escritorio\\ChippyTest2\\chippy-frontend\\helpers\\emailValidator.js": {"path":"C:\\Users\\Albert\\OneDrive\\Escritorio\\ChippyTest2\\chippy-frontend\\helpers\\emailValidator.js","statementMap":{"0":{"start":{"line":2,"column":13},"end":{"line":2,"column":27}},"1":{"start":{"line":3,"column":2},"end":{"line":3,"column":53}},"2":{"start":{"line":3,"column":14},"end":{"line":3,"column":53}},"3":{"start":{"line":4,"column":2},"end":{"line":4,"column":64}},"4":{"start":{"line":4,"column":23},"end":{"line":4,"column":64}},"5":{"start":{"line":5,"column":2},"end":{"line":5,"column":11}}},"fnMap":{"0":{"name":"emailValidator","decl":{"start":{"line":1,"column":16},"end":{"line":1,"column":30}},"loc":{"start":{"line":1,"column":38},"end":{"line":6,"column":1}},"line":1}},"branchMap":{"0":{"loc":{"start":{"line":3,"column":2},"end":{"line":3,"column":53}},"type":"if","locations":[{"start":{"line":3,"column":2},"end":{"line":3,"column":53}},{"start":{},"end":{}}],"line":3},"1":{"loc":{"start":{"line":4,"column":2},"end":{"line":4,"column":64}},"type":"if","locations":[{"start":{"line":4,"column":2},"end":{"line":4,"column":64}},{"start":{},"end":{}}],"line":4}},"s":{"0":0,"1":0,"2":0,"3":0,"4":0,"5":0},"f":{"0":0},"b":{"0":[0,0],"1":[0,0]},"_coverageSchema":"1a1c01bbd47fc00a2c39e90264f33305004495a9","hash":"e862743ec6cb09f8f7386b3503a055314ffc30fc"}
,"C:\\Users\\Albert\\OneDrive\\Escritorio\\ChippyTest2\\chippy-frontend\\helpers\\passwordValidator.js": {"path":"C:\\Users\\Albert\\OneDrive\\Escritorio\\ChippyTest2\\chippy-frontend\\helpers\\passwordValidator.js","statementMap":{"0":{"start":{"line":2,"column":2},"end":{"line":2,"column":61}},"1":{"start":{"line":2,"column":17},"end":{"line":2,"column":61}},"2":{"start":{"line":3,"column":2},"end":{"line":3,"column":81}},"3":{"start":{"line":3,"column":27},"end":{"line":3,"column":81}},"4":{"start":{"line":4,"column":2},"end":{"line":4,"column":11}}},"fnMap":{"0":{"name":"passwordValidator","decl":{"start":{"line":1,"column":16},"end":{"line":1,"column":33}},"loc":{"start":{"line":1,"column":44},"end":{"line":5,"column":1}},"line":1}},"branchMap":{"0":{"loc":{"start":{"line":2,"column":2},"end":{"line":2,"column":61}},"type":"if","locations":[{"start":{"line":2,"column":2},"end":{"line":2,"column":61}},{"start":{},"end":{}}],"line":2},"1":{"loc":{"start":{"line":3,"column":2},"end":{"line":3,"column":81}},"type":"if","locations":[{"start":{"line":3,"column":2},"end":{"line":3,"column":81}},{"start":{},"end":{}}],"line":3}},"s":{"0":0,"1":0,"2":0,"3":0,"4":0},"f":{"0":0},"b":{"0":[0,0],"1":[0,0]},"_coverageSchema":"1a1c01bbd47fc00a2c39e90264f33305004495a9","hash":"1a1fa1e57d1c4179a8536981024da058fcee0565"}
,"C:\\Users\\Albert\\OneDrive\\Escritorio\\ChippyTest2\\chippy-frontend\\screens\\LoginScreen.js": {"path":"C:\\Users\\Albert\\OneDrive\\Escritorio\\ChippyTest2\\chippy-frontend\\screens\\LoginScreen.js","statementMap":{"0":{"start":{"line":15,"column":36},"end":{"line":15,"column":48}},"1":{"start":{"line":17,"column":46},"end":{"line":17,"column":58}},"2":{"start":{"line":19,"column":24},"end":{"line":23,"column":3}},"3":{"start":{"line":21,"column":17},"end":{"line":21,"column":37}},"4":{"start":{"line":22,"column":4},"end":{"line":22,"column":22}},"5":{"start":{"line":25,"column":29},"end":{"line":35,"column":3}},"6":{"start":{"line":28,"column":17},"end":{"line":28,"column":53}},"7":{"start":{"line":30,"column":4},"end":{"line":34,"column":5}},"8":{"start":{"line":31,"column":6},"end":{"line":31,"column":41}},"9":{"start":{"line":33,"column":6},"end":{"line":33,"column":48}},"10":{"start":{"line":39,"column":2},"end":{"line":41,"column":8}},"11":{"start":{"line":40,"column":4},"end":{"line":40,"column":19}},"12":{"start":{"line":43,"column":28},"end":{"line":43,"column":62}},"13":{"start":{"line":44,"column":34},"end":{"line":44,"column":68}},"14":{"start":{"line":47,"column":25},"end":{"line":73,"column":3}},"15":{"start":{"line":48,"column":23},"end":{"line":48,"column":50}},"16":{"start":{"line":49,"column":26},"end":{"line":49,"column":59}},"17":{"start":{"line":50,"column":4},"end":{"line":57,"column":5}},"18":{"start":{"line":51,"column":6},"end":{"line":51,"column":29}},"19":{"start":{"line":52,"column":6},"end":{"line":52,"column":32}},"20":{"start":{"line":54,"column":6},"end":{"line":54,"column":47}},"21":{"start":{"line":55,"column":6},"end":{"line":55,"column":56}},"22":{"start":{"line":56,"column":6},"end":{"line":56,"column":12}},"23":{"start":{"line":59,"column":4},"end":{"line":70,"column":6}},"24":{"start":{"line":60,"column":6},"end":{"line":68,"column":7}},"25":{"start":{"line":61,"column":8},"end":{"line":63,"column":10}},"26":{"start":{"line":65,"column":8},"end":{"line":65,"column":41}},"27":{"start":{"line":66,"column":8},"end":{"line":66,"column":65}},"28":{"start":{"line":67,"column":8},"end":{"line":67,"column":14}},"29":{"start":{"line":74,"column":2},"end":{"line":149,"column":3}},"30":{"start":{"line":90,"column":32},"end":{"line":90,"column":68}},"31":{"start":{"line":113,"column":32},"end":{"line":113,"column":71}},"32":{"start":{"line":127,"column":68},"end":{"line":127,"column":103}},"33":{"start":{"line":133,"column":39},"end":{"line":133,"column":76}},"34":{"start":{"line":152,"column":15},"end":{"line":208,"column":2}}},"fnMap":{"0":{"name":"LoginScreen","decl":{"start":{"line":12,"column":24},"end":{"line":12,"column":35}},"loc":{"start":{"line":12,"column":52},"end":{"line":150,"column":1}},"line":12},"1":{"name":"(anonymous_1)","decl":{"start":{"line":19,"column":24},"end":{"line":19,"column":25}},"loc":{"start":{"line":19,"column":35},"end":{"line":23,"column":3}},"line":19},"2":{"name":"(anonymous_2)","decl":{"start":{"line":25,"column":29},"end":{"line":25,"column":30}},"loc":{"start":{"line":25,"column":55},"end":{"line":35,"column":3}},"line":25},"3":{"name":"(anonymous_3)","decl":{"start":{"line":39,"column":12},"end":{"line":39,"column":13}},"loc":{"start":{"line":39,"column":17},"end":{"line":41,"column":3}},"line":39},"4":{"name":"(anonymous_4)","decl":{"start":{"line":47,"column":25},"end":{"line":47,"column":26}},"loc":{"start":{"line":47,"column":31},"end":{"line":73,"column":3}},"line":47},"5":{"name":"(anonymous_5)","decl":{"start":{"line":59,"column":18},"end":{"line":59,"column":19}},"loc":{"start":{"line":59,"column":30},"end":{"line":70,"column":5}},"line":59},"6":{"name":"(anonymous_6)","decl":{"start":{"line":90,"column":22},"end":{"line":90,"column":23}},"loc":{"start":{"line":90,"column":32},"end":{"line":90,"column":68}},"line":90},"7":{"name":"(anonymous_7)","decl":{"start":{"line":113,"column":22},"end":{"line":113,"column":23}},"loc":{"start":{"line":113,"column":32},"end":{"line":113,"column":71}},"line":113},"8":{"name":"(anonymous_8)","decl":{"start":{"line":127,"column":62},"end":{"line":127,"column":63}},"loc":{"start":{"line":127,"column":68},"end":{"line":127,"column":103}},"line":127},"9":{"name":"(anonymous_9)","decl":{"start":{"line":133,"column":33},"end":{"line":133,"column":34}},"loc":{"start":{"line":133,"column":39},"end":{"line":133,"column":76}},"line":133}},"branchMap":{"0":{"loc":{"start":{"line":30,"column":4},"end":{"line":34,"column":5}},"type":"if","locations":[{"start":{"line":30,"column":4},"end":{"line":34,"column":5}},{"start":{"line":32,"column":9},"end":{"line":34,"column":5}}],"line":30},"1":{"loc":{"start":{"line":50,"column":4},"end":{"line":57,"column":5}},"type":"if","locations":[{"start":{"line":50,"column":4},"end":{"line":57,"column":5}},{"start":{},"end":{}}],"line":50},"2":{"loc":{"start":{"line":50,"column":8},"end":{"line":50,"column":35}},"type":"binary-expr","locations":[{"start":{"line":50,"column":8},"end":{"line":50,"column":18}},{"start":{"line":50,"column":22},"end":{"line":50,"column":35}}],"line":50},"3":{"loc":{"start":{"line":60,"column":6},"end":{"line":68,"column":7}},"type":"if","locations":[{"start":{"line":60,"column":6},"end":{"line":68,"column":7}},{"start":{"line":64,"column":11},"end":{"line":68,"column":7}}],"line":60},"4":{"loc":{"start":{"line":60,"column":9},"end":{"line":60,"column":75}},"type":"binary-expr","locations":[{"start":{"line":60,"column":9},"end":{"line":60,"column":37}},{"start":{"line":60,"column":41},"end":{"line":60,"column":75}}],"line":60},"5":{"loc":{"start":{"line":103,"column":7},"end":{"line":103,"column":76}},"type":"cond-expr","locations":[{"start":{"line":103,"column":21},"end":{"line":103,"column":69}},{"start":{"line":103,"column":72},"end":{"line":103,"column":76}}],"line":103},"6":{"loc":{"start":{"line":118,"column":7},"end":{"line":118,"column":82}},"type":"cond-expr","locations":[{"start":{"line":118,"column":24},"end":{"line":118,"column":75}},{"start":{"line":118,"column":78},"end":{"line":118,"column":82}}],"line":118}},"s":{"0":4,"1":4,"2":4,"3":2,"4":0,"5":4,"6":1,"7":0,"8":0,"9":0,"10":4,"11":2,"12":4,"13":4,"14":4,"15":0,"16":0,"17":0,"18":0,"19":0,"20":0,"21":0,"22":0,"23":0,"24":0,"25":0,"26":0,"27":0,"28":0,"29":4,"30":1,"31":1,"32":1,"33":0,"34":1},"f":{"0":4,"1":2,"2":1,"3":2,"4":0,"5":0,"6":1,"7":1,"8":1,"9":0},"b":{"0":[0,0],"1":[0,0],"2":[0,0],"3":[0,0],"4":[0,0],"5":[0,4],"6":[0,4]},"_coverageSchema":"1a1c01bbd47fc00a2c39e90264f33305004495a9","hash":"f191319294c9fa17a8c0031df4f474ca2587880f"}
,"C:\\Users\\Albert\\OneDrive\\Escritorio\\ChippyTest2\\chippy-frontend\\screens\\StartScreen.js": {"path":"C:\\Users\\Albert\\OneDrive\\Escritorio\\ChippyTest2\\chippy-frontend\\screens\\StartScreen.js","statementMap":{"0":{"start":{"line":7,"column":2},"end":{"line":20,"column":3}},"1":{"start":{"line":11,"column":68},"end":{"line":11,"column":102}},"2":{"start":{"line":14,"column":67},"end":{"line":14,"column":104}},"3":{"start":{"line":23,"column":15},"end":{"line":56,"column":2}}},"fnMap":{"0":{"name":"StartScreen","decl":{"start":{"line":6,"column":24},"end":{"line":6,"column":35}},"loc":{"start":{"line":6,"column":52},"end":{"line":21,"column":1}},"line":6},"1":{"name":"(anonymous_1)","decl":{"start":{"line":11,"column":62},"end":{"line":11,"column":63}},"loc":{"start":{"line":11,"column":68},"end":{"line":11,"column":102}},"line":11},"2":{"name":"(anonymous_2)","decl":{"start":{"line":14,"column":61},"end":{"line":14,"column":62}},"loc":{"start":{"line":14,"column":67},"end":{"line":14,"column":104}},"line":14}},"branchMap":{},"s":{"0":1,"1":0,"2":0,"3":1},"f":{"0":1,"1":0,"2":0},"b":{},"_coverageSchema":"1a1c01bbd47fc00a2c39e90264f33305004495a9","hash":"d5254274df2d5ce0d0386cb9b7ad13d772ee043b"}
}
